<?xml version="1.0" encoding="UTF-8"?>
<!-- Generated by org.testng.reporters.JUnitReportReporter -->
<testsuite hostname="DESKTOP-Q0SQCJU" failures="0" tests="1" name="apitesting.TC02_POST" time="3.489" errors="0" timestamp="2022-07-13T16:20:55 IST" skipped="0">
  <testcase classname="apitesting.TC02_POST" name="create" time="3.489"/>
  <system-out/>
</testsuite> <!-- apitesting.TC02_POST -->
