<?xml version="1.0" encoding="UTF-8"?>
<!-- Generated by org.testng.reporters.JUnitReportReporter -->
<testsuite hostname="DESKTOP-Q0SQCJU" failures="0" tests="1" name="apitesting.TC05" time="3.845" errors="0" timestamp="2022-07-14T11:12:43 IST" skipped="0">
  <testcase classname="apitesting.TC05" name="authenticate" time="3.845"/>
  <system-out/>
</testsuite> <!-- apitesting.TC05 -->
