<?xml version="1.0" encoding="UTF-8"?>
<!-- Generated by org.testng.reporters.JUnitReportReporter -->
<testsuite hostname="DESKTOP-Q0SQCJU" failures="0" tests="4" name="parallelmethod.Demo" time="0.072" errors="0" timestamp="2022-06-20T16:14:37 IST" skipped="0">
  <testcase classname="parallelmethod.Demo" name="third" time="0.018"/>
  <system-out/>
  <testcase classname="parallelmethod.Demo" name="first" time="0.018"/>
  <system-out/>
  <testcase classname="parallelmethod.Demo" name="second" time="0.018"/>
  <system-out/>
  <testcase classname="parallelmethod.Demo" name="fourth" time="0.018"/>
  <system-out/>
</testsuite> <!-- parallelmethod.Demo -->
