<?xml version="1.0" encoding="UTF-8"?>
<!-- Generated by org.testng.reporters.JUnitReportReporter -->
<testsuite hostname="DESKTOP-Q0SQCJU" failures="0" tests="2" name="cross.crossbrows" time="24.146" errors="0" timestamp="2022-07-13T15:12:20 IST" skipped="0">
  <testcase classname="cross.crossbrows" name="setup" time="17.214"/>
  <system-out/>
  <testcase classname="cross.crossbrows" name="setup" time="6.932"/>
  <system-out/>
</testsuite> <!-- cross.crossbrows -->
