<?xml version="1.0" encoding="UTF-8"?>
<!-- Generated by org.testng.reporters.JUnitReportReporter -->
<testsuite hostname="DESKTOP-Q0SQCJU" failures="0" tests="1" name="grouping.B" time="0.008" errors="0" timestamp="2022-06-20T16:15:39 IST" skipped="0">
  <testcase classname="grouping.B" name="f" time="0.008"/>
  <system-out/>
</testsuite> <!-- grouping.B -->
