<?xml version="1.0" encoding="UTF-8"?>
<!-- Generated by org.testng.reporters.JUnitReportReporter -->
<testsuite hostname="DESKTOP-Q0SQCJU" failures="0" tests="1" name="apitesting.TC001" time="3.319" errors="0" timestamp="2022-07-13T15:28:06 IST" skipped="0">
  <testcase classname="apitesting.TC001" name="getweatherDetails" time="3.319"/>
  <system-out/>
</testsuite> <!-- apitesting.TC001 -->
