<?xml version="1.0" encoding="UTF-8"?>
<!-- Generated by org.testng.reporters.JUnitReportReporter -->
<testsuite hostname="DESKTOP-Q0SQCJU" failures="0" tests="5" name="sanityregression.Grouping" time="0.021" errors="0" timestamp="2022-07-06T14:02:49 IST" skipped="0">
  <testcase classname="sanityregression.Grouping" name="test2" time="0.011"/>
  <system-out/>
  <testcase classname="sanityregression.Grouping" name="test1" time="0.003"/>
  <system-out/>
  <testcase classname="sanityregression.Grouping" name="test1" time="0.003"/>
  <system-out/>
  <testcase classname="sanityregression.Grouping" name="test1" time="0.002"/>
  <system-out/>
  <testcase classname="sanityregression.Grouping" name="test3" time="0.002"/>
  <system-out/>
</testsuite> <!-- sanityregression.Grouping -->
