<?xml version="1.0" encoding="UTF-8"?>
<!-- Generated by org.testng.reporters.JUnitReportReporter -->
<testsuite skipped="0" hostname="DESKTOP-Q0SQCJU" name="testng.TestDemo" tests="4" failures="0" timestamp="2022-06-16T13:50:34 IST" time="0.018" errors="0">
  <testcase name="c" time="0.004" classname="testng.TestDemo"/>
  <system-out/>
  <testcase name="d" time="0.002" classname="testng.TestDemo"/>
  <system-out/>
  <testcase name="a" time="0.010" classname="testng.TestDemo"/>
  <system-out/>
  <testcase name="b" time="0.002" classname="testng.TestDemo"/>
  <system-out/>
</testsuite> <!-- testng.TestDemo -->
