<?xml version="1.0" encoding="UTF-8"?>
<!-- Generated by org.testng.reporters.JUnitReportReporter -->
<testsuite hostname="DESKTOP-Q0SQCJU" failures="0" tests="1" name="apitesting.TC003" time="6.288" errors="0" timestamp="2022-07-14T10:14:34 IST" skipped="0">
  <testcase classname="apitesting.TC003" name="googlemap" time="6.288"/>
  <system-out/>
</testsuite> <!-- apitesting.TC003 -->
