<?xml version="1.0" encoding="UTF-8"?>
<!-- Generated by org.testng.reporters.JUnitReportReporter -->
<testsuite skipped="0" hostname="DESKTOP-Q0SQCJU" name="xmldemo.A" tests="1" failures="0" timestamp="2022-06-17T18:06:50 IST" time="0.008" errors="0">
  <testcase name="f" time="0.008" classname="xmldemo.A"/>
  <system-out/>
</testsuite> <!-- xmldemo.A -->
