<?xml version="1.0" encoding="UTF-8"?>
<!-- Generated by org.testng.reporters.JUnitReportReporter -->
<testsuite hostname="DESKTOP-Q0SQCJU" failures="0" tests="1" name="apitesting.Practice" time="3.425" errors="0" timestamp="2022-07-13T15:37:56 IST" skipped="0">
  <testcase classname="apitesting.Practice" name="userlist" time="3.425"/>
  <system-out/>
</testsuite> <!-- apitesting.Practice -->
