<?xml version="1.0" encoding="UTF-8"?>
<!-- Generated by org.testng.reporters.JUnitReportReporter -->
<testsuite hostname="DESKTOP-Q0SQCJU" failures="0" tests="1" name="apitesting.TC04" time="3.034" errors="0" timestamp="2022-07-14T10:55:18 IST" skipped="0">
  <testcase classname="apitesting.TC04" name="jsonrsTest" time="3.034"/>
  <system-out/>
</testsuite> <!-- apitesting.TC04 -->
